<?xml version="1.0" encoding="UTF-8"?>
<testng-results ignored="0" total="2" passed="1" failed="1" skipped="0">
  <reporter-output>
  </reporter-output>
  <suite started-at="2024-11-15T06:04:55Z" name="Default suite" finished-at="2024-11-15T06:05:16Z" duration-ms="21758">
    <groups>
    </groups>
    <test started-at="2024-11-15T06:04:55Z" name="Default test" finished-at="2024-11-15T06:05:16Z" duration-ms="21758">
      <class name="com.qa.testcases.LoginPage_TestCase">
        <test-method is-config="true" signature="setup()[pri:0, instance:com.qa.testcases.LoginPage_TestCase@475c9c31]" started-at="2024-11-15T11:34:55Z" name="setup" finished-at="2024-11-15T11:35:14Z" duration-ms="19184" status="PASS">
          <reporter-output>
          </reporter-output>
        </test-method> <!-- setup -->
        <test-method signature="verifyVaildLoginCredentails()[pri:0, instance:com.qa.testcases.LoginPage_TestCase@475c9c31]" started-at="2024-11-15T11:35:14Z" name="verifyVaildLoginCredentails" finished-at="2024-11-15T11:35:14Z" duration-ms="666" status="PASS">
          <reporter-output>
          </reporter-output>
        </test-method> <!-- verifyVaildLoginCredentails -->
        <test-method signature="verifyInvalidLoginCredentails()[pri:1, instance:com.qa.testcases.LoginPage_TestCase@475c9c31]" started-at="2024-11-15T11:35:14Z" name="verifyInvalidLoginCredentails" finished-at="2024-11-15T11:35:16Z" duration-ms="1651" status="FAIL">
          <exception class="java.lang.AssertionError">
            <message>
              <![CDATA[expected [testasd] but found [Invalid login]]]>
            </message>
            <full-stacktrace>
              <![CDATA[java.lang.AssertionError: expected [testasd] but found [Invalid login]
	at org.testng.Assert.fail(Assert.java:93)
	at org.testng.Assert.failNotEquals(Assert.java:512)
	at org.testng.Assert.assertEqualsImpl(Assert.java:134)
	at org.testng.Assert.assertEquals(Assert.java:115)
	at org.testng.Assert.assertEquals(Assert.java:189)
	at org.testng.Assert.assertEquals(Assert.java:199)
	at com.qa.pages.LoginPage.getMsg(LoginPage.java:45)
	at com.qa.testcases.LoginPage_TestCase.verifyInvalidLoginCredentails(LoginPage_TestCase.java:38)
	at java.base/jdk.internal.reflect.DirectMethodHandleAccessor.invoke(DirectMethodHandleAccessor.java:103)
	at java.base/java.lang.reflect.Method.invoke(Method.java:580)
	at org.testng.internal.MethodInvocationHelper.invokeMethod(MethodInvocationHelper.java:108)
	at org.testng.internal.Invoker.invokeMethod(Invoker.java:661)
	at org.testng.internal.Invoker.invokeTestMethod(Invoker.java:869)
	at org.testng.internal.Invoker.invokeTestMethods(Invoker.java:1193)
	at org.testng.internal.TestMethodWorker.invokeTestMethods(TestMethodWorker.java:126)
	at org.testng.internal.TestMethodWorker.run(TestMethodWorker.java:109)
	at org.testng.TestRunner.privateRun(TestRunner.java:744)
	at org.testng.TestRunner.run(TestRunner.java:602)
	at org.testng.SuiteRunner.runTest(SuiteRunner.java:380)
	at org.testng.SuiteRunner.runSequentially(SuiteRunner.java:375)
	at org.testng.SuiteRunner.privateRun(SuiteRunner.java:340)
	at org.testng.SuiteRunner.run(SuiteRunner.java:289)
	at org.testng.SuiteRunnerWorker.runSuite(SuiteRunnerWorker.java:52)
	at org.testng.SuiteRunnerWorker.run(SuiteRunnerWorker.java:86)
	at org.testng.TestNG.runSuitesSequentially(TestNG.java:1301)
	at org.testng.TestNG.runSuitesLocally(TestNG.java:1226)
	at org.testng.TestNG.runSuites(TestNG.java:1144)
	at org.testng.TestNG.run(TestNG.java:1115)
	at org.testng.remote.AbstractRemoteTestNG.run(AbstractRemoteTestNG.java:115)
	at org.testng.remote.RemoteTestNG.initAndRun(RemoteTestNG.java:293)
	at org.testng.remote.RemoteTestNG.main(RemoteTestNG.java:91)
]]>
            </full-stacktrace>
          </exception> <!-- java.lang.AssertionError -->
          <reporter-output>
          </reporter-output>
        </test-method> <!-- verifyInvalidLoginCredentails -->
        <test-method is-config="true" signature="tearDown()[pri:0, instance:com.qa.testcases.LoginPage_TestCase@475c9c31]" started-at="2024-11-15T11:35:16Z" name="tearDown" finished-at="2024-11-15T11:35:16Z" duration-ms="226" status="PASS">
          <reporter-output>
          </reporter-output>
        </test-method> <!-- tearDown -->
      </class> <!-- com.qa.testcases.LoginPage_TestCase -->
    </test> <!-- Default test -->
  </suite> <!-- Default suite -->
</testng-results>
