<?xml version="1.0" encoding="UTF-8"?>
<!-- Generated by org.testng.reporters.JUnitXMLReporter -->
<testsuite ignored="0" hostname="DESKTOP-8AK31QI" failures="1" tests="3" name="Free CRM App Test Cases" time="31.321" errors="0" timestamp="22 Oct 2024 18:22:42 GMT">
  <testcase classname="com.qa.testcases.DashBoardPage_TestCase" name="verifyLoginNavigation" time="4.017"/>
  <testcase classname="com.qa.testcases.LoginPage_TestCase" name="verifyLoginFunctionality" time="0.438"/>
  <testcase classname="com.qa.testcases.LoginPage_TestCase" name="verifypagetitle" time="0.013">
    <failure type="java.lang.AssertionError" message="expected [test] but found [Cogmento CRM]">
      <![CDATA[java.lang.AssertionError: expected [test] but found [Cogmento CRM]
	at com.qa.testcases.LoginPage_TestCase.verifypagetitle(LoginPage_TestCase.java:50)
... Removed 29 stack frames]]>
    </failure>
  </testcase> <!-- verifypagetitle -->
</testsuite> <!-- Free CRM App Test Cases -->
